
1. Create table and load data
============================== 

Jaguar Server 2.8.2.3 140668519220992 / Client 2.8.2.3

jaguar:test> jaguar:test> jaguar:test> Jaguar Server 2.8.2.3 140668519220992 / Client 2.8.2.3

jaguar:test> jaguar:test> jaguar:test> Done in 30 microseconds 
jaguar:test> jaguar:test> Done in 30 microseconds 
jaguar:test> jaguar:test> Done in 4 milliseconds 
jaguar:test> jaguar:test> Done in 4 milliseconds 
jaguar:test> jaguar:test> Done in 3 milliseconds 
jaguar:test> jaguar:test> Done in 3 milliseconds 
jaguar:test> jaguar:test> Invalid query command [dssc column_default;], error: Invalid command [dssc column_default;]. Please check its syntax. 0 [20]
jaguar:test> Done in 4 microseconds 
jaguar:test> Done in 3 microseconds 
jaguar:test> Done in 3 microseconds 
jaguar:test> Invalid query command [dssc column_default;], error: Invalid command [dssc column_default;]. Please check its syntax. 0 [20]
jaguar:test> Done in 4 microseconds 
jaguar:test> Done in 3 microseconds 
jaguar:test> Done in 3 microseconds 
jaguar:test> Done in 4 microseconds 
jaguar:test> Done in 4 microseconds 
jaguar:test> Done in 4 microseconds 
jaguar:test> Done in 4 microseconds 
jaguar:test> Done in 3 microseconds 
jaguar:test> Done in 3 microseconds 
jaguar:test> Done in 3 microseconds 
jaguar:test> Done in 3 microseconds 
jaguar:test> Done in 3 microseconds 
jaguar:test> Done in 3 microseconds 
jaguar:test> Done in 4 microseconds 
jaguar:test> Done in 4 microseconds 
jaguar:test> Done in 3 microseconds 
jaguar:test> Done in 3 microseconds 
jaguar:test> Done in 3 microseconds 
jaguar:test> jaguar:test> Done in 3 microseconds 
jaguar:test> jaguar:test> jaguar:test> jaguar:test> jaguar:test> jaguar:test> Done in 17 milliseconds (11 rows) 
jaguar:test> jaguar:test> Done in 17 milliseconds (11 rows) 
jaguar:test> jaguar:test> Done in 57 microseconds 
jaguar:test> Done in 57 microseconds 
jaguar:test> 

2. Compare results 
================================ 
Binary files /home/andrew/t/azhang/Jaguar_QA_HOME/work/column_default.out and /home/andrew/t/azhang/Jaguar_QA_HOME/bas/column_default.bas differ

Failure comparing /home/andrew/t/azhang/Jaguar_QA_HOME/work/column_default.out
End of test: column_default.sh! 
