Jaguar Server 2.8.2.3 140438700779264 / Client 2.8.2.3

jaguar:test> spool  $QA_HOME/work/create_db1_egift.out;
Done in 26 microseconds 
jaguar:test> 
jaguar:test> use starbucks;
Done in 2 milliseconds 
jaguar:test> drop table if exist starbucks.egift_item;
Done in 1459 microseconds 
jaguar:test> 
jaguar:test> create table starbucks.egift_item
(
  key:
    prod_id integer,
    code_no char(100),
    status tinyint,
    log_time datetime,
    uuid char(40),
  value:
    card_id char(50),
    prod_no char(50),
    prod_name char(150),
    prod_type char(10),
    price double(10,2),
    code_check_no char(100),
    card_cover char(100),
    log_time_ms bigint,
    log_time_ymd char(8),
    log_time_y integer,
    log_time_q tinyint,
    log_time_m tinyint,
    log_time_d tinyint,
    log_time_w tinyint,
    log_time_h tinyint,
    log_time_1 tinyint,
    log_time_5 tinyint,
    log_time_10 tinyint,
    log_time_30 tinyint,
    order_id char(50),
    order_no char(50),
    merchant_id char(50),
    merchant_type char(10),
    pos_id char(50),
    consume_serial_no char(50),
    store_name char(300),
    swap_type char(50),
    from_user char(50),
    to_user char(50),
    accept_type tinyint,
    use_amt double(10,2),
    refund_amt double(10,2),
    balance_amt double(10,2),
    ext_char1 char(100),
    ext_char2 char(100),
    ext_char3 char(1000),
    ext_char4 char(1000),
    ext_double1 double(18,2),
    ext_double2 double(18,2),
    ext_bigint1 bigint,
    ext_bigint2 bigint,
    ext_int1 integer,
    ext_int2 integer,
    ext_time1 datetime,
    ext_time2 datetime
);
Done in 2 milliseconds 
jaguar:test> 
jaguar:test> desc starbucks.egift_item;
Done in 286 microseconds 
jaguar:test> 
jaguar:test> drop table  starbucks.egift_item;
Done in 2 milliseconds 
jaguar:test> use test;
Done in 1409 microseconds 
jaguar:test> 
jaguar:test> dropdb starbucks;
Done in 2 milliseconds 
jaguar:test> 
jaguar:test> spool off;
Done in 19 microseconds 
jaguar:test> quit;
2d1
< Table egift_item is dropped successfully
7c6
<     prod_id int,
---
>     prod_id integer,
22c21
<     log_time_y int,
---
>     log_time_y integer,
54,55c53,54
<     ext_int1 int,
<     ext_int2 int,
---
>     ext_int1 integer,
>     ext_int2 integer,
63c62
< Database starbucks does not exist or drop error
---
> Database starbucks is dropped successfully

Failure comparing /home/andrew/t/azhang/Jaguar_QA_HOME/work/create_db1_egift.out
