Jaguar Server 2.8.2 140458051114752 / Client 2.8.2

jaguar:test> # SQL Name: data_load.sql

jaguar:test> spool  $QA_HOME/work/data_load.out; 
Done in 38 microseconds 
jaguar:test> 
jaguar:test> create table data_load  ( key: uid char(32), value: v1 char(16), v2 char(16), v3 char(16) );
Done in 2 milliseconds 
jaguar:test> 
jaguar:test> desc data_load;  
Done in 133 microseconds 
jaguar:test> 
jaguar:test> load $QA_HOME/data/10kLine.txt into data_load;
Done in 473 milliseconds 
jaguar:test> 
jaguar:test> sleep 5;
jaguar:test> 
jaguar:test> select count(*) from  data_load;
Done in 270 microseconds 
jaguar:test> select * from data_load  where v3 = "Apple31234567890";
Done in 22 milliseconds (1 row) 
jaguar:test> select * from data_load  where v3 = 'Apple31234567890';
Done in 20 milliseconds (1 row) 
jaguar:test> 
jaguar:test> show create table data_load;
Done in 95 microseconds 
jaguar:test> drop table data_load;
Done in 2005 milliseconds 
jaguar:test> 
jaguar:test> spool off;
Done in 147 microseconds 
jaguar:test> quit;

Success comparing /home/andrew/t/azhang/Jaguar_QA_HOME/work/data_load.out
