ssh 192.168.7.120 /home/andrew/jaguar/bin/jaguarstop
ssh 192.168.7.120 /home/andrew/jaguar/bin/jaguarstatus
jaguar server is running on ssd
jaguarstatus_on_all_hosts.sh  total hosts=1  jaguar on=1  jaguar off=0
Fri Nov 10 22:39:20 PST 2017
There are still 1 jaguar servers running, wait ...

Shutdown of jaguar server on current host ssd ...
ssh 192.168.7.120 /home/andrew/jaguar/bin/jaguarstatus
Fri Nov 10 22:39:25 PST 2017

jaguar server is NOT running on ssd
jaguarstatus_on_all_hosts.sh  total hosts=1  jaguar on=0  jaguar off=1
Jaguar off hosts:  192.168.7.120
Jaguar database has been stopped on all 1 hosts
ssh 192.168.7.120 /home/andrew/jaguar/bin/jaguarstart
Jaguar database server is being started on all hosts ...
jaguar server is running on ssd

1. Create table and load data
Jaguar Server 2.8.2.3 139773131876096 / Client 2.8.2.3

jaguar:test> jaguar:test> Table import_export is dropped successfully
Done in 1518 microseconds 
jaguar:test> Done in 45 microseconds 
jaguar:test> jaguar:test> Done in 3 milliseconds 
jaguar:test> jaguar:test> Done in 482 milliseconds 
jaguar:test> jaguar:test> Done in 46 microseconds 
jaguar:test> 

2-1. export by jagexportcsv...

Fri Nov 10 22:39:49 PST 2017

Jaguar Server 2.8.2.3 139773115066112 / Client 2.8.2.3

jaguar:test> spool /home/andrew/t/azhang/Jaguar_QA_HOME/work/test.import_export.csv;
Done in 27 microseconds 
jaguar:test> select * from test.import_export timeout 1000000 exportcsv;
Done in 46 milliseconds (10006 rows) 
jaguar:test> spool off;
Done in 46 microseconds 
jaguar:test> quit;
Done
Exported CSV data is saved in 
The exported file can be imported back to database with the command:

    ./jagimportcsv -d test -t test.import_export -f /home/andrew/t/azhang/Jaguar_QA_HOME/work/test.import_export.csv

Fri Nov 10 22:39:51 PST 2017

2-2. Clean data...
============================== 

Jaguar Server 2.8.2.3 139773106661120 / Client 2.8.2.3

jaguar:test> jaguar:test> Done in 37 microseconds 
jaguar:test> Done in 6 milliseconds 
jaguar:test> jaguar:test> Done in 65 microseconds 
jaguar:test> 

2-3. Import by jagimportsql...
============================== 

Fri Nov 10 22:40:07 PST 2017
Jaguar Server 2.8.2.3 139773075142400 / Client 2.8.2.3

jaguar:test> load /home/andrew/t/azhang/Jaguar_QA_HOME/work/test.import_export.csv into test.import_export quote terminated by '"' ;
Done in 469 milliseconds 
jaguar:test> quit;
Fri Nov 10 22:40:09 PST 2017

2-4. Check Correctness...
============================== 

Jaguar Server 2.8.2.3 139773083547392 / Client 2.8.2.3

jaguar:test> jaguar:test> Done in 38 microseconds 
jaguar:test> jaguar:test> Done in 116 microseconds 
jaguar:test> Done in 22 milliseconds (1 row) 
jaguar:test> Done in 22 milliseconds (1 row) 
jaguar:test> jaguar:test> Done in 18 microseconds 
jaguar:test> 

2-5. Compare results 
================================== 
End of test import_export_sql.sh
